Determining if the pthread_create exist failed with the following output:
Change Dir: /home/experiment/catkin_ws/build/mavros_extras/CMakeFiles/CMakeTmp

Run Build Command:"/usr/bin/make" "cmTC_77e1e/fast"
/usr/bin/make -f CMakeFiles/cmTC_77e1e.dir/build.make CMakeFiles/cmTC_77e1e.dir/build
make[1]: Entering directory '/home/experiment/catkin_ws/build/mavros_extras/CMakeFiles/CMakeTmp'
Building C object CMakeFiles/cmTC_77e1e.dir/CheckSymbolExists.c.o
/usr/bin/cc    -o CMakeFiles/cmTC_77e1e.dir/CheckSymbolExists.c.o   -c /home/experiment/catkin_ws/build/mavros_extras/CMakeFiles/CMakeTmp/CheckSymbolExists.c
Linking C executable cmTC_77e1e
/usr/bin/cmake -E cmake_link_script CMakeFiles/cmTC_77e1e.dir/link.txt --verbose=1
/usr/bin/cc      -rdynamic CMakeFiles/cmTC_77e1e.dir/CheckSymbolExists.c.o  -o cmTC_77e1e 
CMakeFiles/cmTC_77e1e.dir/CheckSymbolExists.c.o: In function `main':
CheckSymbolExists.c:(.text+0x1b): undefined reference to `pthread_create'
collect2: error: ld returned 1 exit status
CMakeFiles/cmTC_77e1e.dir/build.make:97: recipe for target 'cmTC_77e1e' failed
make[1]: *** [cmTC_77e1e] Error 1
make[1]: Leaving directory '/home/experiment/catkin_ws/build/mavros_extras/CMakeFiles/CMakeTmp'
Makefile:126: recipe for target 'cmTC_77e1e/fast' failed
make: *** [cmTC_77e1e/fast] Error 2

File /home/experiment/catkin_ws/build/mavros_extras/CMakeFiles/CMakeTmp/CheckSymbolExists.c:
/* */
#include <pthread.h>

int main(int argc, char** argv)
{
  (void)argv;
#ifndef pthread_create
  return ((int*)(&pthread_create))[argc];
#else
  (void)argc;
  return 0;
#endif
}

Determining if the function pthread_create exists in the pthreads failed with the following output:
Change Dir: /home/experiment/catkin_ws/build/mavros_extras/CMakeFiles/CMakeTmp

Run Build Command:"/usr/bin/make" "cmTC_8fbac/fast"
/usr/bin/make -f CMakeFiles/cmTC_8fbac.dir/build.make CMakeFiles/cmTC_8fbac.dir/build
make[1]: Entering directory '/home/experiment/catkin_ws/build/mavros_extras/CMakeFiles/CMakeTmp'
Building C object CMakeFiles/cmTC_8fbac.dir/CheckFunctionExists.c.o
/usr/bin/cc   -DCHECK_FUNCTION_EXISTS=pthread_create   -o CMakeFiles/cmTC_8fbac.dir/CheckFunctionExists.c.o   -c /usr/share/cmake-3.10/Modules/CheckFunctionExists.c
Linking C executable cmTC_8fbac
/usr/bin/cmake -E cmake_link_script CMakeFiles/cmTC_8fbac.dir/link.txt --verbose=1
/usr/bin/cc  -DCHECK_FUNCTION_EXISTS=pthread_create    -rdynamic CMakeFiles/cmTC_8fbac.dir/CheckFunctionExists.c.o  -o cmTC_8fbac -lpthreads 
/usr/bin/ld: cannot find -lpthreads
collect2: error: ld returned 1 exit status
CMakeFiles/cmTC_8fbac.dir/build.make:97: recipe for target 'cmTC_8fbac' failed
make[1]: *** [cmTC_8fbac] Error 1
make[1]: Leaving directory '/home/experiment/catkin_ws/build/mavros_extras/CMakeFiles/CMakeTmp'
Makefile:126: recipe for target 'cmTC_8fbac/fast' failed
make: *** [cmTC_8fbac/fast] Error 2


